<?xml version="1.0" encoding="UTF-8"?>
<!-- Generated by org.testng.reporters.JUnitReportReporter -->
<testsuite hostname="INDEL7BC0902" name="com.qtpselenium.hybrid.testcases.Role" tests="1" failures="0" timestamp="15 May 2015 08:03:53 GMT" time="11.690" errors="0">
  <testcase name="BuildingManagementTest" time="11.690" classname="com.qtpselenium.hybrid.testcases.Role"/>
</testsuite> <!-- com.qtpselenium.hybrid.testcases.Role -->
